     1	U01, 08, 5V0, 
     2	U02, 02, 5V0, cs0, 
     3	U03, 20, 5V0, 
     4	U03, 24, 5V0, cs1, 
     5	U04, 20, 5V0, 
     6	U04, 24, 5V0, cs1, 
     7	U05, 28, 5V0, 
     8	U06, 28, 5V0, 
     9	U07, 28, 5V0, 
    10	U10, 14, 5V0, 
    11	U11, 14, 5V0, 
    12	U12, 14, 5V0, 
    13	U13, 14, 5V0, 
    14	U14, 06, 5V0, ce3, 
    15	U14, 16, 5V0, 
    16	U15, 14, 5V0
    17	U16, 02, 5V0, 
    18	U22, 01, 5V0
    19	U23, 01, 5V0
    20	U24, 01, 5V0
    21	#zzzz 10, 74hc04, 6x1 NOT, 
    22	U01, 09, a0, 
    23	U02, 13, a0, rs0, 
    24	U03, 38, a0, rs0, 
    25	U04, 38, a0, rs0, 
    26	U05, 10, a0, 
    27	U06, 10, a0, 
    28	U07, 10, a0, 
    29	U14, 01, a0, 
    30	U01, 10, a1, 
    31	U02, 14, a1, rs1, 
    32	U03, 37, a1, rs1, 
    33	U04, 37, a1, rs1, 
    34	U05, 09, a1, 
    35	U06, 09, a1, 
    36	U07, 09, a1, 
    37	U14, 02, a1, 
    38	U01, 19, a10, 
    39	U05, 21, a10, 
    40	U06, 21, a10, 
    41	U07, 21, a10, 
    42	U13, 06, a10, 
    43	U01, 20, a11, 
    44	U05, 23, a11, 
    45	U06, 23, a11, 
    46	U07, 23, a11, 
    47	U13, 05, a11,
    48	U01, 22, a12, 
    49	U05, 02, a12, 
    50	U06, 02, a12, 
    51	U07, 02, a12, 
    52	U13, 04, a12,
    53	U01, 23, a13, 
    54	U05, 26, a13, 
    55	U06, 26, a13, 
    56	U12, 13, a13, 
    57	U13, 03, a13, 
    58	U01, 24, a14, 
    59	U05, 01, a14, 
    60	U06, 01, a14, 
    61	U12, 02, a14, 
    62	U13, 02, a14, 
    63	U01, 25, a15, 
    64	U12, 01, a15, 
    65	U13, 01, a15, 
    66	U01, 11, a2, 
    67	U03, 36, a2, rs2, 
    68	U04, 36, a2, rs2, 
    69	U05, 08, a2, 
    70	U06, 08, a2, 
    71	U07, 08, a2, 
    72	U01, 12, a3, 
    73	U03, 35, a3, rs3, 
    74	U04, 35, a3, rs3, 
    75	U05, 07, a3, 
    76	U06, 07, a3, 
    77	U07, 07, a3, 
    78	U14, 03, a3, 
    79	U01, 13, a4, 
    80	U05, 06, a4, 
    81	U06, 06, a4, 
    82	U07, 06, a4, 
    83	U01, 14, a5, 
    84	U05, 05, a5, 
    85	U06, 05, a5, 
    86	U07, 05, a5, 
    87	U01, 15, a6, 
    88	U05, 04, a6, 
    89	U06, 04, a6, 
    90	U07, 04, a6, 
    91	U01, 16, a7, 
    92	U05, 03, a7, 
    93	U06, 03, a7, 
    94	U07, 03, a7, 
    95	U01, 17, a8, 
    96	U05, 25, a8, 
    97	U06, 25, a8, 
    98	U07, 25, a8, 
    99	U10, 05, a8, 
   100	U10, 06, a8b, 
   101	U13, 12, a8b,
   102	U01, 18, a9, 
   103	U05, 24, a9, 
   104	U06, 24, a9, 
   105	U07, 24, a9, 
   106	U13, 11, a9, 
   107	U01, 36, be, w65c02 
   108	U03, 40, ca31, 
   109	U03, 39, ca32, 
   110	U04, 40, ca41, 
   111	U04, 39, ca42, 
   112	U03, 18, cb31, 
   113	U03, 19, cb32, 
   114	U04, 18, cb41, 
   115	U04, 19, cb42, 
   116	U10, 04, clk0, 
   117	U15, 03, clk1
   118	U15, 11, clk2
   119	U15, 01, clr1b
   120	U15, 13, clr2b
   121	U02, 03, cs1b,  
   122	U14, 14, cs1b, y1, CIA1
   123	U03, 23, cs2b, 
   124	U14, 13, cs2b, y2, VIA1
   125	U04, 23, cs3b, cs2b, 
   126	U14, 12, cs3b, y3, VIA2
   127	U05, 20, cs5b, ceb, 
   128	U06, 20, cs6b, ceb, 
   129	U07, 20, cs7b, ceb, 
   130	U02, 09, ctsb, 
   131	U01, 33, d0, 
   132	U02, 18, d0, 
   133	U03, 33, d0, 
   134	U04, 33, d0, 
   135	U05, 11, d0, 
   136	U06, 11, d0, 
   137	U07, 11, d0, 
   138	U01, 32, d1, 
   139	U02, 19, d1, 
   140	U03, 32, d1, 
   141	U04, 32, d1, 
   142	U05, 12, d1, 
   143	U06, 12, d1, 
   144	U07, 12, d1, 
   145	U15, 02, d1
   146	U01, 31, d2, 
   147	U02, 20, d2, 
   148	U03, 31, d2, 
   149	U04, 31, d2, 
   150	U05, 13, d2, 
   151	U06, 13, d2, 
   152	U07, 13, d2, 
   153	U15, 12, d2
   154	U01, 30, d3, 
   155	U02, 21, d3, 
   156	U03, 30, d3, 
   157	U04, 30, d3, 
   158	U05, 15, d3, 
   159	U06, 15, d3, 
   160	U07, 15, d3, 
   161	U01, 29, d4, 
   162	U02, 22, d4, 
   163	U03, 29, d4, 
   164	U04, 29, d4, 
   165	U05, 16, d4, 
   166	U06, 16, d4, 
   167	U07, 16, d4, 
   168	U01, 28, d5, 
   169	U02, 23, d5, 
   170	U03, 28, d5, 
   171	U04, 28, d5, 
   172	U05, 17, d5, 
   173	U06, 17, d5, 
   174	U07, 17, d5, 
   175	U01, 27, d6, 
   176	U02, 24, d6, 
   177	U03, 27, d6, 
   178	U04, 27, d6, 
   179	U05, 18, d6, 
   180	U06, 18, d6, 
   181	U07, 18, d6, 
   182	U01, 26, d7, 
   183	U02, 25, d7, 
   184	U03, 26, d7, 
   185	U04, 26, d7, 
   186	U05, 19, d7, 
   187	U06, 19, d7, 
   188	U07, 19, d7, 
   189	U02, 16, dcdb, 
   190	U14, 04, devb, ce1b, 
   191	U14, 05, devb, ce2b, 
   192	U02, 17, dsrb, 
   193	U02, 11, dtrb, 
   194	U11, 08, e0b, 
   195	U11, 09, e0b, 
   196	U12, 12, e0b, 
   197	U11, 12, feb, 
   198	U13, 08, feb,
   199	#15, 74hc74, flipflop
   200	U01, 01, gnd, vpb w65c02
   201	U01, 21, gnd, 
   202	U02, 01, gnd, 
   203	U03, 01, gnd, 
   204	U04, 01, gnd, 
   205	U05, 14, gnd, 
   206	U06, 14, gnd, 
   207	U07, 14, gnd, 
   208	U10, 07, gnd, 
   209	U11, 07, gnd, 
   210	U12, 07, gnd, 
   211	U13, 07, gnd, 
   212	U14, 08, gnd, 
   213	U15, 07, gnd
   214	U16, 03, gnd, 
   215	U20, 02, gnd
   216	U21, 02, gnd
   217	U26, 02, gnd
   218	U02, 26, irq1, 
   219	U12, 03, irq1, 
   220	U03, 21, irq2, 
   221	U12, 04, irq2, 
   222	U04, 21, irq3, 
   223	U12, 05, irq3, 
   224	U12, 09, irq4, 
   225	U12, 10, irq5, 
   226	U12, 11, irq6, 
   227	U01, 04, irqb, 
   228	U22, 02, irqb
   229	U12, 06, irqx, 
   230	U12, 08, irqy, 
   231	U01, 05, mlb, w65c02 
   232	U11, 03, mrdb, 
   233	U11, 05, mrdb, 
   234	U11, 06, mwrb, 
   235	U01, 06, nmib, 
   236	U23, 02, nmib
   237	U05, 22, oeb, 
   238	U06, 22, oeb, 
   239	U07, 22, oeb, 
   240	U03, 02, pa30, 
   241	U03, 03, pa31, 
   242	U03, 04, pa32, 
   243	U03, 05, pa33, 
   244	U03, 06, pa34, 
   245	U03, 07, pa35, 
   246	U03, 08, pa36, 
   247	U03, 09, pa37, 
   248	U04, 02, pa40, 
   249	U04, 03, pa41, 
   250	U04, 04, pa42, 
   251	U04, 05, pa43, 
   252	U04, 06, pa44, 
   253	U04, 07, pa45, 
   254	U04, 08, pa46, 
   255	U04, 09, pa47, 
   256	U03, 10, pb30, 
   257	U03, 11, pb31, 
   258	U03, 12, pb32, 
   259	U03, 13, pb33, 
   260	U03, 14, pb34, 
   261	U03, 15, pb35, 
   262	U03, 16, pb36, 
   263	U03, 17, pb37, 
   264	U04, 10, pb40, 
   265	U04, 11, pb41, 
   266	U04, 12, pb42, 
   267	U04, 13, pb43, 
   268	U04, 14, pb44, 
   269	U04, 15, pb45, 
   270	U04, 16, pb46, 
   271	U04, 17, pb47, 
   272	U01, 37, phi0, w65c02 phi2 in 
   273	U01, 03, phi1, 
   274	U01, 39, phi2, out
   275	U02, 27, phi2, 
   276	U03, 25, phi2, 
   277	U04, 25, phi2, 
   278	U11, 01, phi2, 
   279	U11, 04, phi2, 
   280	U15, 04, pre1b
   281	U15, 10, pre2b
   282	U15, 05, q1
   283	U15, 06, q1b
   284	U15, 09, q2
   285	U15, 08, q2b
   286	U11, 10, ramb, 
   287	U11, 11, ramb, 
   288	U01, 02, rdy, 
   289	U01, 40, resb, 
   290	U02, 04, resb, 
   291	U03, 34, resb, 
   292	U04, 34, resb, 
   293	U11, 13, romb, 
   294	U16, 01, rstb, 
   295	U24, 02, rstb
   296	U25, 01, rstb
   297	U02, 08, rtsb, 
   298	U01, 34, rwb, 
   299	U02, 28, rwb, 
   300	U03, 22, rwb, 
   301	U04, 22, rwb, 
   302	U11, 02, rwb, 
   303	U02, 05, rxc, 
   304	U02, 12, rxd, 
   305	U01, 38, sob, 
   306	U01, 07, sync, 
   307	U02, 10, txd, 
   308	U02, 15, vdd, 
   309	U05, 27, web, 
   310	U06, 27, web, 
   311	U07, 27, web, 
   312	U10, 01, xtal1, 
   313	U17, 01, xtal1
   314	U19, 01, xtal1
   315	U20, 01, xtal1
   316	U18, 02, xtal2
   317	U19, 02, xtal2
   318	U21, 01, xtal2
   319	U10, 02, xtal3, 
   320	U10, 03, xtal3, 
   321	U17, 02, xtal3
   322	U18, 01, xtal3
   323	U02, 06, xtl1, 
   324	U02, 07, xtl2, 
   325	U14, 15, y0, 
   326	U14, 11, y4, 
   327	U14, 10, y5, 
   328	U14, 09, y6, 
   329	U14, 07, y7, 
